<?xml version="1.0" encoding="UTF-8"?>
<testng-results skipped="0" failed="0" total="1" passed="1">
  <reporter-output>
  </reporter-output>
  <suite name="Default suite" duration-ms="69" started-at="2016-03-15T21:22:41Z" finished-at="2016-03-15T21:22:41Z">
    <groups>
    </groups>
    <test name="Default test" duration-ms="69" started-at="2016-03-15T21:22:41Z" finished-at="2016-03-15T21:22:41Z">
      <class name="com.add.TestAdder">
        <test-method status="PASS" signature="test()[pri:0, instance:com.add.TestAdder@1d384ee]" name="test" duration-ms="38" started-at="2016-03-16T02:52:41Z" finished-at="2016-03-16T02:52:41Z">
          <reporter-output>
          </reporter-output>
        </test-method> <!-- test -->
      </class> <!-- com.add.TestAdder -->
    </test> <!-- Default test -->
  </suite> <!-- Default suite -->
</testng-results>
